Build started 23-Sep-12 18:28:07.
     1>Project "C:\Users\Teodor\Documents\Visual Studio 2010\Projects\winProject\winProject\winProject.vcxproj" on node 2 (build target(s)).
     1>InitializeBuildStatus:
         Creating "Release\MonkeyPad.unsuccessfulbuild" because "AlwaysCreate" was specified.
       ClCompile:
         C:\Program Files (x86)\Microsoft Visual Studio 10.0\VC\bin\CL.exe /c /Zi /nologo /W3 /WX- /O2 /Oi /Oy- /GL /D _UNICODE /D UNICODE /Gm- /EHsc /MT /GS /Gy /fp:precise /Zc:wchar_t /Zc:forScope /Fo"Release\\" /Fd"Release\vc100.pdb" /Gd /TP /analyze- /errorReport:prompt main.cpp
         main.cpp
       ResourceCompile:
         All outputs are up-to-date.
       Link:
         C:\Program Files (x86)\Microsoft Visual Studio 10.0\VC\bin\link.exe /ERRORREPORT:PROMPT /OUT:"C:\Users\Teodor\Documents\Visual Studio 2010\Projects\winProject\Release\MonkeyPad.exe" /NOLOGO kernel32.lib user32.lib gdi32.lib winspool.lib comdlg32.lib advapi32.lib shell32.lib ole32.lib oleaut32.lib uuid.lib odbc32.lib odbccp32.lib /MANIFEST /ManifestFile:"Release\MonkeyPad.exe.intermediate.manifest" /MANIFESTUAC:"level='asInvoker' uiAccess='false'" /DEBUG /PDB:"C:\Users\Teodor\Documents\Visual Studio 2010\Projects\winProject\Release\MonkeyPad.pdb" /OPT:REF /OPT:ICF /LTCG /TLBID:1 /DYNAMICBASE /NXCOMPAT /IMPLIB:"C:\Users\Teodor\Documents\Visual Studio 2010\Projects\winProject\Release\MonkeyPad.lib" /MACHINE:X86 Release\resource.res
         Release\main.obj
         Generating code
         Finished generating code
         winProject.vcxproj -> C:\Users\Teodor\Documents\Visual Studio 2010\Projects\winProject\Release\MonkeyPad.exe
       Manifest:
         C:\Program Files (x86)\Microsoft SDKs\Windows\v7.0A\bin\mt.exe /nologo /verbose /outputresource:"C:\Users\Teodor\Documents\Visual Studio 2010\Projects\winProject\Release\MonkeyPad.exe;#1" /manifest Release\MonkeyPad.exe.intermediate.manifest
       FinalizeBuildStatus:
         Deleting file "Release\MonkeyPad.unsuccessfulbuild".
         Touching "Release\MonkeyPad.lastbuildstate".
     1>Done Building Project "C:\Users\Teodor\Documents\Visual Studio 2010\Projects\winProject\winProject\winProject.vcxproj" (build target(s)).

Build succeeded.

Time Elapsed 00:00:02.63
