C:\USERS\TEODOR\DOCUMENTS\VISUAL STUDIO 2010\PROJECTS\WINPROJECT\RELEASE\WINPROJECT.EXE
C:\USERS\TEODOR\DOCUMENTS\VISUAL STUDIO 2010\PROJECTS\WINPROJECT\RELEASE\WINPROJECT.PDB
C:\Users\Teodor\Documents\Visual Studio 2010\Projects\winProject\winProject\Release\cl.command.1.tlog
C:\Users\Teodor\Documents\Visual Studio 2010\Projects\winProject\winProject\Release\CL.read.1.tlog
C:\Users\Teodor\Documents\Visual Studio 2010\Projects\winProject\winProject\Release\CL.write.1.tlog
C:\Users\Teodor\Documents\Visual Studio 2010\Projects\winProject\winProject\Release\link.command.1.tlog
C:\Users\Teodor\Documents\Visual Studio 2010\Projects\winProject\winProject\Release\link.read.1.tlog
C:\Users\Teodor\Documents\Visual Studio 2010\Projects\winProject\winProject\Release\link.write.1.tlog
C:\Users\Teodor\Documents\Visual Studio 2010\Projects\winProject\winProject\Release\link-cvtres.read.1.tlog
C:\Users\Teodor\Documents\Visual Studio 2010\Projects\winProject\winProject\Release\link-cvtres.write.1.tlog
C:\USERS\TEODOR\DOCUMENTS\VISUAL STUDIO 2010\PROJECTS\WINPROJECT\WINPROJECT\RELEASE\MAIN.OBJ
C:\Users\Teodor\Documents\Visual Studio 2010\Projects\winProject\winProject\Release\mt.command.1.tlog
C:\Users\Teodor\Documents\Visual Studio 2010\Projects\winProject\winProject\Release\mt.read.1.tlog
C:\Users\Teodor\Documents\Visual Studio 2010\Projects\winProject\winProject\Release\mt.write.1.tlog
C:\Users\Teodor\Documents\Visual Studio 2010\Projects\winProject\winProject\Release\rc.command.1.tlog
C:\Users\Teodor\Documents\Visual Studio 2010\Projects\winProject\winProject\Release\rc.read.1.tlog
C:\Users\Teodor\Documents\Visual Studio 2010\Projects\winProject\winProject\Release\rc.write.1.tlog
C:\USERS\TEODOR\DOCUMENTS\VISUAL STUDIO 2010\PROJECTS\WINPROJECT\WINPROJECT\RELEASE\RESOURCE.RES
C:\USERS\TEODOR\DOCUMENTS\VISUAL STUDIO 2010\PROJECTS\WINPROJECT\WINPROJECT\RELEASE\VC100.PDB
C:\USERS\TEODOR\DOCUMENTS\VISUAL STUDIO 2010\PROJECTS\WINPROJECT\WINPROJECT\RELEASE\WINPROJECT.EXE.INTERMEDIATE.MANIFEST
